TypeError: Cannot read properties of undefined (reading 'message')
    at Session.<anonymous> (/home/codework/smpp/server.js:37:43)
    at Session.emit (node:events:513:28)
    at Session._extractPDUs (/home/codework/smpp/node_modules/smpp/lib/smpp.js:206:8)
    at Socket.<anonymous> (/home/codework/smpp/node_modules/smpp/lib/smpp.js:93:8)
    at Socket.emit (node:events:513:28)
    at emitReadable_ (node:internal/streams/readable:590:12)
    at process.processTicksAndRejections (node:internal/process/task_queues:81:21)
TypeError: Cannot read properties of undefined (reading 'message')
    at Session.<anonymous> (/home/codework/smpp/server.js:37:43)
    at Session.emit (node:events:513:28)
    at Session._extractPDUs (/home/codework/smpp/node_modules/smpp/lib/smpp.js:206:8)
    at Socket.<anonymous> (/home/codework/smpp/node_modules/smpp/lib/smpp.js:93:8)
    at Socket.emit (node:events:513:28)
    at emitReadable_ (node:internal/streams/readable:590:12)
    at process.processTicksAndRejections (node:internal/process/task_queues:81:21)
TypeError: Cannot read properties of undefined (reading 'message')
    at Session.<anonymous> (/home/codework/smpp/server.js:37:43)
    at Session.emit (node:events:513:28)
    at Session._extractPDUs (/home/codework/smpp/node_modules/smpp/lib/smpp.js:206:8)
    at Socket.<anonymous> (/home/codework/smpp/node_modules/smpp/lib/smpp.js:93:8)
    at Socket.emit (node:events:513:28)
    at emitReadable_ (node:internal/streams/readable:590:12)
    at process.processTicksAndRejections (node:internal/process/task_queues:81:21)
